Arguments: 
  /usr/local/bin/node /usr/local/bin/yarn add --dev nodemon ts-node

PATH: 
  /usr/local/bin:/usr/bin:/bin:/usr/sbin:/sbin:/Library/Apple/usr/bin:/Users/artemshevliakov/education/node_express_course/node_modules/.bin

Yarn version: 
  1.22.10

Node version: 
  14.16.0

Platform: 
  darwin x64

Trace: 
  SyntaxError: /Users/artemshevliakov/education/node_express_course/express_rest_app/package.json: Unexpected token } in JSON at position 177
      at JSON.parse (<anonymous>)
      at /usr/local/lib/node_modules/yarn/lib/cli.js:1625:59
      at Generator.next (<anonymous>)
      at step (/usr/local/lib/node_modules/yarn/lib/cli.js:310:30)
      at /usr/local/lib/node_modules/yarn/lib/cli.js:321:13

npm manifest: 
  {
    "name": "express_rest_app",
    "version": "1.0.0",
    "description": "",
    "main": "dist/app.js",
    "scripts": {
      "test": "echo \"Error: no test specified\" && exit 1",
  
    },
    "author": "",
    "license": "ISC"
  }

yarn manifest: 
  No manifest

Lockfile: 
  No lockfile
